<?xml version="1.0" encoding="UTF-8"?>
<testng-results ignored="0" total="49" passed="49" failed="0" skipped="0">
  <reporter-output>
  </reporter-output>
  <suite started-at="2020-08-30T11:04:01Z" name="DesktopBrowsers" finished-at="2020-08-30T11:04:46Z" duration-ms="44151">
    <groups>
    </groups>
    <test started-at="2020-08-30T11:04:01Z" name="4" finished-at="2020-08-30T11:04:45Z" duration-ms="43798">
      <class name="magicleapTesting.magicLeap">
        <test-method is-config="true" signature="setUp()[pri:0, instance:magicleapTesting.magicLeap@71248c21]" started-at="2020-08-30T11:04:01Z" name="setUp" finished-at="2020-08-30T11:04:25Z" duration-ms="23779" status="PASS">
          <reporter-output>
          </reporter-output>
        </test-method> <!-- setUp -->
        <test-method signature="DesktopScript()[pri:0, instance:magicleapTesting.magicLeap@71248c21]" started-at="2020-08-30T11:04:25Z" name="DesktopScript" finished-at="2020-08-30T11:04:45Z" duration-ms="20005" status="PASS">
          <reporter-output>
          </reporter-output>
        </test-method> <!-- DesktopScript -->
        <test-method is-config="true" signature="tearDown(java.lang.String, java.lang.String, java.lang.String)[pri:0, instance:magicleapTesting.magicLeap@71248c21]" started-at="2020-08-30T11:04:45Z" name="tearDown" finished-at="2020-08-30T11:04:45Z" duration-ms="0" status="PASS">
          <params>
            <param index="0">
              <value>
                <![CDATA[Internet explorer]]>
              </value>
            </param>
            <param index="1">
              <value>
                <![CDATA[11.0]]>
              </value>
            </param>
            <param index="2">
              <value>
                <![CDATA[win10]]>
              </value>
            </param>
          </params>
          <reporter-output>
          </reporter-output>
        </test-method> <!-- tearDown -->
      </class> <!-- magicleapTesting.magicLeap -->
    </test> <!-- 4 -->
    <test started-at="2020-08-30T11:04:01Z" name="38" finished-at="2020-08-30T11:04:45Z" duration-ms="43811">
      <class name="magicleapTesting.magicLeap">
        <test-method is-config="true" signature="setUp()[pri:0, instance:magicleapTesting.magicLeap@e50a6f6]" started-at="2020-08-30T11:04:01Z" name="setUp" finished-at="2020-08-30T11:04:25Z" duration-ms="23807" status="PASS">
          <reporter-output>
          </reporter-output>
        </test-method> <!-- setUp -->
        <test-method signature="DesktopScript()[pri:0, instance:magicleapTesting.magicLeap@e50a6f6]" started-at="2020-08-30T11:04:25Z" name="DesktopScript" finished-at="2020-08-30T11:04:45Z" duration-ms="20002" status="PASS">
          <reporter-output>
          </reporter-output>
        </test-method> <!-- DesktopScript -->
        <test-method is-config="true" signature="tearDown(java.lang.String, java.lang.String, java.lang.String)[pri:0, instance:magicleapTesting.magicLeap@e50a6f6]" started-at="2020-08-30T11:04:45Z" name="tearDown" finished-at="2020-08-30T11:04:45Z" duration-ms="0" status="PASS">
          <params>
            <param index="0">
              <value>
                <![CDATA[Chrome]]>
              </value>
            </param>
            <param index="1">
              <value>
                <![CDATA[61.0]]>
              </value>
            </param>
            <param index="2">
              <value>
                <![CDATA[Win10]]>
              </value>
            </param>
          </params>
          <reporter-output>
          </reporter-output>
        </test-method> <!-- tearDown -->
      </class> <!-- magicleapTesting.magicLeap -->
    </test> <!-- 38 -->
    <test started-at="2020-08-30T11:04:01Z" name="49" finished-at="2020-08-30T11:04:45Z" duration-ms="43791">
      <class name="magicleapTesting.magicLeap">
        <test-method is-config="true" signature="setUp()[pri:0, instance:magicleapTesting.magicLeap@7fc229ab]" started-at="2020-08-30T11:04:01Z" name="setUp" finished-at="2020-08-30T11:04:25Z" duration-ms="23789" status="PASS">
          <reporter-output>
          </reporter-output>
        </test-method> <!-- setUp -->
        <test-method signature="DesktopScript()[pri:0, instance:magicleapTesting.magicLeap@7fc229ab]" started-at="2020-08-30T11:04:25Z" name="DesktopScript" finished-at="2020-08-30T11:04:45Z" duration-ms="20002" status="PASS">
          <reporter-output>
          </reporter-output>
        </test-method> <!-- DesktopScript -->
        <test-method is-config="true" signature="tearDown(java.lang.String, java.lang.String, java.lang.String)[pri:0, instance:magicleapTesting.magicLeap@7fc229ab]" started-at="2020-08-30T11:04:45Z" name="tearDown" finished-at="2020-08-30T11:04:45Z" duration-ms="0" status="PASS">
          <params>
            <param index="0">
              <value>
                <![CDATA[Chrome]]>
              </value>
            </param>
            <param index="1">
              <value>
                <![CDATA[34.0]]>
              </value>
            </param>
            <param index="2">
              <value>
                <![CDATA[Win10]]>
              </value>
            </param>
          </params>
          <reporter-output>
          </reporter-output>
        </test-method> <!-- tearDown -->
      </class> <!-- magicleapTesting.magicLeap -->
    </test> <!-- 49 -->
    <test started-at="2020-08-30T11:04:01Z" name="48" finished-at="2020-08-30T11:04:45Z" duration-ms="43789">
      <class name="magicleapTesting.magicLeap">
        <test-method is-config="true" signature="setUp()[pri:0, instance:magicleapTesting.magicLeap@8909f18]" started-at="2020-08-30T11:04:01Z" name="setUp" finished-at="2020-08-30T11:04:25Z" duration-ms="23777" status="PASS">
          <reporter-output>
          </reporter-output>
        </test-method> <!-- setUp -->
        <test-method signature="DesktopScript()[pri:0, instance:magicleapTesting.magicLeap@8909f18]" started-at="2020-08-30T11:04:25Z" name="DesktopScript" finished-at="2020-08-30T11:04:45Z" duration-ms="20005" status="PASS">
          <reporter-output>
          </reporter-output>
        </test-method> <!-- DesktopScript -->
        <test-method is-config="true" signature="tearDown(java.lang.String, java.lang.String, java.lang.String)[pri:0, instance:magicleapTesting.magicLeap@8909f18]" started-at="2020-08-30T11:04:45Z" name="tearDown" finished-at="2020-08-30T11:04:45Z" duration-ms="0" status="PASS">
          <params>
            <param index="0">
              <value>
                <![CDATA[Chrome]]>
              </value>
            </param>
            <param index="1">
              <value>
                <![CDATA[35.0]]>
              </value>
            </param>
            <param index="2">
              <value>
                <![CDATA[Win10]]>
              </value>
            </param>
          </params>
          <reporter-output>
          </reporter-output>
        </test-method> <!-- tearDown -->
      </class> <!-- magicleapTesting.magicLeap -->
    </test> <!-- 48 -->
    <test started-at="2020-08-30T11:04:01Z" name="44" finished-at="2020-08-30T11:04:45Z" duration-ms="43795">
      <class name="magicleapTesting.magicLeap">
        <test-method is-config="true" signature="setUp()[pri:0, instance:magicleapTesting.magicLeap@3e3047e6]" started-at="2020-08-30T11:04:01Z" name="setUp" finished-at="2020-08-30T11:04:25Z" duration-ms="23792" status="PASS">
          <reporter-output>
          </reporter-output>
        </test-method> <!-- setUp -->
        <test-method signature="DesktopScript()[pri:0, instance:magicleapTesting.magicLeap@3e3047e6]" started-at="2020-08-30T11:04:25Z" name="DesktopScript" finished-at="2020-08-30T11:04:45Z" duration-ms="20002" status="PASS">
          <reporter-output>
          </reporter-output>
        </test-method> <!-- DesktopScript -->
        <test-method is-config="true" signature="tearDown(java.lang.String, java.lang.String, java.lang.String)[pri:0, instance:magicleapTesting.magicLeap@3e3047e6]" started-at="2020-08-30T11:04:45Z" name="tearDown" finished-at="2020-08-30T11:04:45Z" duration-ms="1" status="PASS">
          <params>
            <param index="0">
              <value>
                <![CDATA[Chrome]]>
              </value>
            </param>
            <param index="1">
              <value>
                <![CDATA[56.0]]>
              </value>
            </param>
            <param index="2">
              <value>
                <![CDATA[Win10]]>
              </value>
            </param>
          </params>
          <reporter-output>
          </reporter-output>
        </test-method> <!-- tearDown -->
      </class> <!-- magicleapTesting.magicLeap -->
    </test> <!-- 44 -->
    <test started-at="2020-08-30T11:04:01Z" name="15" finished-at="2020-08-30T11:04:45Z" duration-ms="43867">
      <class name="magicleapTesting.magicLeap">
        <test-method is-config="true" signature="setUp()[pri:0, instance:magicleapTesting.magicLeap@ba8d91c]" started-at="2020-08-30T11:04:01Z" name="setUp" finished-at="2020-08-30T11:04:25Z" duration-ms="23859" status="PASS">
          <reporter-output>
          </reporter-output>
        </test-method> <!-- setUp -->
        <test-method signature="DesktopScript()[pri:0, instance:magicleapTesting.magicLeap@ba8d91c]" started-at="2020-08-30T11:04:25Z" name="DesktopScript" finished-at="2020-08-30T11:04:45Z" duration-ms="20002" status="PASS">
          <reporter-output>
          </reporter-output>
        </test-method> <!-- DesktopScript -->
        <test-method is-config="true" signature="tearDown(java.lang.String, java.lang.String, java.lang.String)[pri:0, instance:magicleapTesting.magicLeap@ba8d91c]" started-at="2020-08-30T11:04:45Z" name="tearDown" finished-at="2020-08-30T11:04:45Z" duration-ms="0" status="PASS">
          <params>
            <param index="0">
              <value>
                <![CDATA[firefox]]>
              </value>
            </param>
            <param index="1">
              <value>
                <![CDATA[71.0]]>
              </value>
            </param>
            <param index="2">
              <value>
                <![CDATA[Win10]]>
              </value>
            </param>
          </params>
          <reporter-output>
          </reporter-output>
        </test-method> <!-- tearDown -->
      </class> <!-- magicleapTesting.magicLeap -->
    </test> <!-- 15 -->
    <test started-at="2020-08-30T11:04:01Z" name="34" finished-at="2020-08-30T11:04:45Z" duration-ms="43908">
      <class name="magicleapTesting.magicLeap">
        <test-method is-config="true" signature="setUp()[pri:0, instance:magicleapTesting.magicLeap@212bf671]" started-at="2020-08-30T11:04:01Z" name="setUp" finished-at="2020-08-30T11:04:25Z" duration-ms="23907" status="PASS">
          <reporter-output>
          </reporter-output>
        </test-method> <!-- setUp -->
        <test-method signature="DesktopScript()[pri:0, instance:magicleapTesting.magicLeap@212bf671]" started-at="2020-08-30T11:04:25Z" name="DesktopScript" finished-at="2020-08-30T11:04:45Z" duration-ms="20000" status="PASS">
          <reporter-output>
          </reporter-output>
        </test-method> <!-- DesktopScript -->
        <test-method is-config="true" signature="tearDown(java.lang.String, java.lang.String, java.lang.String)[pri:0, instance:magicleapTesting.magicLeap@212bf671]" started-at="2020-08-30T11:04:45Z" name="tearDown" finished-at="2020-08-30T11:04:45Z" duration-ms="0" status="PASS">
          <params>
            <param index="0">
              <value>
                <![CDATA[Chrome]]>
              </value>
            </param>
            <param index="1">
              <value>
                <![CDATA[62.0]]>
              </value>
            </param>
            <param index="2">
              <value>
                <![CDATA[Win10]]>
              </value>
            </param>
          </params>
          <reporter-output>
          </reporter-output>
        </test-method> <!-- tearDown -->
      </class> <!-- magicleapTesting.magicLeap -->
    </test> <!-- 34 -->
    <test started-at="2020-08-30T11:04:01Z" name="52" finished-at="2020-08-30T11:04:45Z" duration-ms="43907">
      <class name="magicleapTesting.magicLeap">
        <test-method is-config="true" signature="setUp()[pri:0, instance:magicleapTesting.magicLeap@402e37bc]" started-at="2020-08-30T11:04:01Z" name="setUp" finished-at="2020-08-30T11:04:25Z" duration-ms="23906" status="PASS">
          <reporter-output>
          </reporter-output>
        </test-method> <!-- setUp -->
        <test-method signature="DesktopScript()[pri:0, instance:magicleapTesting.magicLeap@402e37bc]" started-at="2020-08-30T11:04:25Z" name="DesktopScript" finished-at="2020-08-30T11:04:45Z" duration-ms="20000" status="PASS">
          <reporter-output>
          </reporter-output>
        </test-method> <!-- DesktopScript -->
        <test-method is-config="true" signature="tearDown(java.lang.String, java.lang.String, java.lang.String)[pri:0, instance:magicleapTesting.magicLeap@402e37bc]" started-at="2020-08-30T11:04:45Z" name="tearDown" finished-at="2020-08-30T11:04:45Z" duration-ms="0" status="PASS">
          <params>
            <param index="0">
              <value>
                <![CDATA[Chrome]]>
              </value>
            </param>
            <param index="1">
              <value>
                <![CDATA[31.0]]>
              </value>
            </param>
            <param index="2">
              <value>
                <![CDATA[Win10]]>
              </value>
            </param>
          </params>
          <reporter-output>
          </reporter-output>
        </test-method> <!-- tearDown -->
      </class> <!-- magicleapTesting.magicLeap -->
    </test> <!-- 52 -->
    <test started-at="2020-08-30T11:04:01Z" name="19" finished-at="2020-08-30T11:04:45Z" duration-ms="43911">
      <class name="magicleapTesting.magicLeap">
        <test-method is-config="true" signature="setUp()[pri:0, instance:magicleapTesting.magicLeap@429bd883]" started-at="2020-08-30T11:04:01Z" name="setUp" finished-at="2020-08-30T11:04:25Z" duration-ms="23908" status="PASS">
          <reporter-output>
          </reporter-output>
        </test-method> <!-- setUp -->
        <test-method signature="DesktopScript()[pri:0, instance:magicleapTesting.magicLeap@429bd883]" started-at="2020-08-30T11:04:25Z" name="DesktopScript" finished-at="2020-08-30T11:04:45Z" duration-ms="20001" status="PASS">
          <reporter-output>
          </reporter-output>
        </test-method> <!-- DesktopScript -->
        <test-method is-config="true" signature="tearDown(java.lang.String, java.lang.String, java.lang.String)[pri:0, instance:magicleapTesting.magicLeap@429bd883]" started-at="2020-08-30T11:04:45Z" name="tearDown" finished-at="2020-08-30T11:04:45Z" duration-ms="0" status="PASS">
          <params>
            <param index="0">
              <value>
                <![CDATA[Chrome]]>
              </value>
            </param>
            <param index="1">
              <value>
                <![CDATA[65.0]]>
              </value>
            </param>
            <param index="2">
              <value>
                <![CDATA[Win10]]>
              </value>
            </param>
          </params>
          <reporter-output>
          </reporter-output>
        </test-method> <!-- tearDown -->
      </class> <!-- magicleapTesting.magicLeap -->
    </test> <!-- 19 -->
    <test started-at="2020-08-30T11:04:01Z" name="21" finished-at="2020-08-30T11:04:45Z" duration-ms="43914">
      <class name="magicleapTesting.magicLeap">
        <test-method is-config="true" signature="setUp()[pri:0, instance:magicleapTesting.magicLeap@255b53dc]" started-at="2020-08-30T11:04:01Z" name="setUp" finished-at="2020-08-30T11:04:25Z" duration-ms="23911" status="PASS">
          <reporter-output>
          </reporter-output>
        </test-method> <!-- setUp -->
        <test-method signature="DesktopScript()[pri:0, instance:magicleapTesting.magicLeap@255b53dc]" started-at="2020-08-30T11:04:25Z" name="DesktopScript" finished-at="2020-08-30T11:04:45Z" duration-ms="20000" status="PASS">
          <reporter-output>
          </reporter-output>
        </test-method> <!-- DesktopScript -->
        <test-method is-config="true" signature="tearDown(java.lang.String, java.lang.String, java.lang.String)[pri:0, instance:magicleapTesting.magicLeap@255b53dc]" started-at="2020-08-30T11:04:45Z" name="tearDown" finished-at="2020-08-30T11:04:45Z" duration-ms="1" status="PASS">
          <params>
            <param index="0">
              <value>
                <![CDATA[Chrome]]>
              </value>
            </param>
            <param index="1">
              <value>
                <![CDATA[70.0]]>
              </value>
            </param>
            <param index="2">
              <value>
                <![CDATA[Win10]]>
              </value>
            </param>
          </params>
          <reporter-output>
          </reporter-output>
        </test-method> <!-- tearDown -->
      </class> <!-- magicleapTesting.magicLeap -->
    </test> <!-- 21 -->
    <test started-at="2020-08-30T11:04:01Z" name="40" finished-at="2020-08-30T11:04:45Z" duration-ms="43921">
      <class name="magicleapTesting.magicLeap">
        <test-method is-config="true" signature="setUp()[pri:0, instance:magicleapTesting.magicLeap@5906ebcb]" started-at="2020-08-30T11:04:01Z" name="setUp" finished-at="2020-08-30T11:04:25Z" duration-ms="23919" status="PASS">
          <reporter-output>
          </reporter-output>
        </test-method> <!-- setUp -->
        <test-method signature="DesktopScript()[pri:0, instance:magicleapTesting.magicLeap@5906ebcb]" started-at="2020-08-30T11:04:25Z" name="DesktopScript" finished-at="2020-08-30T11:04:45Z" duration-ms="20000" status="PASS">
          <reporter-output>
          </reporter-output>
        </test-method> <!-- DesktopScript -->
        <test-method is-config="true" signature="tearDown(java.lang.String, java.lang.String, java.lang.String)[pri:0, instance:magicleapTesting.magicLeap@5906ebcb]" started-at="2020-08-30T11:04:45Z" name="tearDown" finished-at="2020-08-30T11:04:45Z" duration-ms="0" status="PASS">
          <params>
            <param index="0">
              <value>
                <![CDATA[Chrome]]>
              </value>
            </param>
            <param index="1">
              <value>
                <![CDATA[62.0]]>
              </value>
            </param>
            <param index="2">
              <value>
                <![CDATA[Win10]]>
              </value>
            </param>
          </params>
          <reporter-output>
          </reporter-output>
        </test-method> <!-- tearDown -->
      </class> <!-- magicleapTesting.magicLeap -->
    </test> <!-- 40 -->
    <test started-at="2020-08-30T11:04:01Z" name="28" finished-at="2020-08-30T11:04:45Z" duration-ms="43926">
      <class name="magicleapTesting.magicLeap">
        <test-method is-config="true" signature="setUp()[pri:0, instance:magicleapTesting.magicLeap@29f69090]" started-at="2020-08-30T11:04:01Z" name="setUp" finished-at="2020-08-30T11:04:25Z" duration-ms="23923" status="PASS">
          <reporter-output>
          </reporter-output>
        </test-method> <!-- setUp -->
        <test-method signature="DesktopScript()[pri:0, instance:magicleapTesting.magicLeap@29f69090]" started-at="2020-08-30T11:04:25Z" name="DesktopScript" finished-at="2020-08-30T11:04:45Z" duration-ms="20002" status="PASS">
          <reporter-output>
          </reporter-output>
        </test-method> <!-- DesktopScript -->
        <test-method is-config="true" signature="tearDown(java.lang.String, java.lang.String, java.lang.String)[pri:0, instance:magicleapTesting.magicLeap@29f69090]" started-at="2020-08-30T11:04:45Z" name="tearDown" finished-at="2020-08-30T11:04:45Z" duration-ms="0" status="PASS">
          <params>
            <param index="0">
              <value>
                <![CDATA[Chrome]]>
              </value>
            </param>
            <param index="1">
              <value>
                <![CDATA[79.0]]>
              </value>
            </param>
            <param index="2">
              <value>
                <![CDATA[Win10]]>
              </value>
            </param>
          </params>
          <reporter-output>
          </reporter-output>
        </test-method> <!-- tearDown -->
      </class> <!-- magicleapTesting.magicLeap -->
    </test> <!-- 28 -->
    <test started-at="2020-08-30T11:04:01Z" name="54" finished-at="2020-08-30T11:04:45Z" duration-ms="43926">
      <class name="magicleapTesting.magicLeap">
        <test-method is-config="true" signature="setUp()[pri:0, instance:magicleapTesting.magicLeap@2133814f]" started-at="2020-08-30T11:04:01Z" name="setUp" finished-at="2020-08-30T11:04:25Z" duration-ms="23924" status="PASS">
          <reporter-output>
          </reporter-output>
        </test-method> <!-- setUp -->
        <test-method signature="DesktopScript()[pri:0, instance:magicleapTesting.magicLeap@2133814f]" started-at="2020-08-30T11:04:25Z" name="DesktopScript" finished-at="2020-08-30T11:04:45Z" duration-ms="20001" status="PASS">
          <reporter-output>
          </reporter-output>
        </test-method> <!-- DesktopScript -->
        <test-method is-config="true" signature="tearDown(java.lang.String, java.lang.String, java.lang.String)[pri:0, instance:magicleapTesting.magicLeap@2133814f]" started-at="2020-08-30T11:04:45Z" name="tearDown" finished-at="2020-08-30T11:04:45Z" duration-ms="1" status="PASS">
          <params>
            <param index="0">
              <value>
                <![CDATA[Chrome]]>
              </value>
            </param>
            <param index="1">
              <value>
                <![CDATA[55.0]]>
              </value>
            </param>
            <param index="2">
              <value>
                <![CDATA[Win10]]>
              </value>
            </param>
          </params>
          <reporter-output>
          </reporter-output>
        </test-method> <!-- tearDown -->
      </class> <!-- magicleapTesting.magicLeap -->
    </test> <!-- 54 -->
    <test started-at="2020-08-30T11:04:01Z" name="45" finished-at="2020-08-30T11:04:45Z" duration-ms="43933">
      <class name="magicleapTesting.magicLeap">
        <test-method is-config="true" signature="setUp()[pri:0, instance:magicleapTesting.magicLeap@15761df8]" started-at="2020-08-30T11:04:01Z" name="setUp" finished-at="2020-08-30T11:04:25Z" duration-ms="23930" status="PASS">
          <reporter-output>
          </reporter-output>
        </test-method> <!-- setUp -->
        <test-method signature="DesktopScript()[pri:0, instance:magicleapTesting.magicLeap@15761df8]" started-at="2020-08-30T11:04:25Z" name="DesktopScript" finished-at="2020-08-30T11:04:45Z" duration-ms="20002" status="PASS">
          <reporter-output>
          </reporter-output>
        </test-method> <!-- DesktopScript -->
        <test-method is-config="true" signature="tearDown(java.lang.String, java.lang.String, java.lang.String)[pri:0, instance:magicleapTesting.magicLeap@15761df8]" started-at="2020-08-30T11:04:45Z" name="tearDown" finished-at="2020-08-30T11:04:45Z" duration-ms="1" status="PASS">
          <params>
            <param index="0">
              <value>
                <![CDATA[Chrome]]>
              </value>
            </param>
            <param index="1">
              <value>
                <![CDATA[38.0]]>
              </value>
            </param>
            <param index="2">
              <value>
                <![CDATA[Win10]]>
              </value>
            </param>
          </params>
          <reporter-output>
          </reporter-output>
        </test-method> <!-- tearDown -->
      </class> <!-- magicleapTesting.magicLeap -->
    </test> <!-- 45 -->
    <test started-at="2020-08-30T11:04:01Z" name="33" finished-at="2020-08-30T11:04:45Z" duration-ms="43939">
      <class name="magicleapTesting.magicLeap">
        <test-method is-config="true" signature="setUp()[pri:0, instance:magicleapTesting.magicLeap@55ca8de8]" started-at="2020-08-30T11:04:01Z" name="setUp" finished-at="2020-08-30T11:04:25Z" duration-ms="23937" status="PASS">
          <reporter-output>
          </reporter-output>
        </test-method> <!-- setUp -->
        <test-method signature="DesktopScript()[pri:0, instance:magicleapTesting.magicLeap@55ca8de8]" started-at="2020-08-30T11:04:25Z" name="DesktopScript" finished-at="2020-08-30T11:04:45Z" duration-ms="20000" status="PASS">
          <reporter-output>
          </reporter-output>
        </test-method> <!-- DesktopScript -->
        <test-method is-config="true" signature="tearDown(java.lang.String, java.lang.String, java.lang.String)[pri:0, instance:magicleapTesting.magicLeap@55ca8de8]" started-at="2020-08-30T11:04:45Z" name="tearDown" finished-at="2020-08-30T11:04:45Z" duration-ms="0" status="PASS">
          <params>
            <param index="0">
              <value>
                <![CDATA[Chrome]]>
              </value>
            </param>
            <param index="1">
              <value>
                <![CDATA[61.0]]>
              </value>
            </param>
            <param index="2">
              <value>
                <![CDATA[Win10]]>
              </value>
            </param>
          </params>
          <reporter-output>
          </reporter-output>
        </test-method> <!-- tearDown -->
      </class> <!-- magicleapTesting.magicLeap -->
    </test> <!-- 33 -->
    <test started-at="2020-08-30T11:04:01Z" name="27" finished-at="2020-08-30T11:04:45Z" duration-ms="43940">
      <class name="magicleapTesting.magicLeap">
        <test-method is-config="true" signature="setUp()[pri:0, instance:magicleapTesting.magicLeap@4de5031f]" started-at="2020-08-30T11:04:01Z" name="setUp" finished-at="2020-08-30T11:04:25Z" duration-ms="23939" status="PASS">
          <reporter-output>
          </reporter-output>
        </test-method> <!-- setUp -->
        <test-method signature="DesktopScript()[pri:0, instance:magicleapTesting.magicLeap@4de5031f]" started-at="2020-08-30T11:04:25Z" name="DesktopScript" finished-at="2020-08-30T11:04:45Z" duration-ms="20000" status="PASS">
          <reporter-output>
          </reporter-output>
        </test-method> <!-- DesktopScript -->
        <test-method is-config="true" signature="tearDown(java.lang.String, java.lang.String, java.lang.String)[pri:0, instance:magicleapTesting.magicLeap@4de5031f]" started-at="2020-08-30T11:04:45Z" name="tearDown" finished-at="2020-08-30T11:04:45Z" duration-ms="0" status="PASS">
          <params>
            <param index="0">
              <value>
                <![CDATA[Chrome]]>
              </value>
            </param>
            <param index="1">
              <value>
                <![CDATA[81.0]]>
              </value>
            </param>
            <param index="2">
              <value>
                <![CDATA[Win10]]>
              </value>
            </param>
          </params>
          <reporter-output>
          </reporter-output>
        </test-method> <!-- tearDown -->
      </class> <!-- magicleapTesting.magicLeap -->
    </test> <!-- 27 -->
    <test started-at="2020-08-30T11:04:01Z" name="53" finished-at="2020-08-30T11:04:45Z" duration-ms="43949">
      <class name="magicleapTesting.magicLeap">
        <test-method is-config="true" signature="setUp()[pri:0, instance:magicleapTesting.magicLeap@5a955565]" started-at="2020-08-30T11:04:01Z" name="setUp" finished-at="2020-08-30T11:04:25Z" duration-ms="23947" status="PASS">
          <reporter-output>
          </reporter-output>
        </test-method> <!-- setUp -->
        <test-method signature="DesktopScript()[pri:0, instance:magicleapTesting.magicLeap@5a955565]" started-at="2020-08-30T11:04:25Z" name="DesktopScript" finished-at="2020-08-30T11:04:45Z" duration-ms="20002" status="PASS">
          <reporter-output>
          </reporter-output>
        </test-method> <!-- DesktopScript -->
        <test-method is-config="true" signature="tearDown(java.lang.String, java.lang.String, java.lang.String)[pri:0, instance:magicleapTesting.magicLeap@5a955565]" started-at="2020-08-30T11:04:45Z" name="tearDown" finished-at="2020-08-30T11:04:45Z" duration-ms="0" status="PASS">
          <params>
            <param index="0">
              <value>
                <![CDATA[Chrome]]>
              </value>
            </param>
            <param index="1">
              <value>
                <![CDATA[30.0]]>
              </value>
            </param>
            <param index="2">
              <value>
                <![CDATA[Win10]]>
              </value>
            </param>
          </params>
          <reporter-output>
          </reporter-output>
        </test-method> <!-- tearDown -->
      </class> <!-- magicleapTesting.magicLeap -->
    </test> <!-- 53 -->
    <test started-at="2020-08-30T11:04:01Z" name="55" finished-at="2020-08-30T11:04:45Z" duration-ms="43955">
      <class name="magicleapTesting.magicLeap">
        <test-method is-config="true" signature="setUp()[pri:0, instance:magicleapTesting.magicLeap@1d082e88]" started-at="2020-08-30T11:04:01Z" name="setUp" finished-at="2020-08-30T11:04:25Z" duration-ms="23951" status="PASS">
          <reporter-output>
          </reporter-output>
        </test-method> <!-- setUp -->
        <test-method signature="DesktopScript()[pri:0, instance:magicleapTesting.magicLeap@1d082e88]" started-at="2020-08-30T11:04:25Z" name="DesktopScript" finished-at="2020-08-30T11:04:45Z" duration-ms="20002" status="PASS">
          <reporter-output>
          </reporter-output>
        </test-method> <!-- DesktopScript -->
        <test-method is-config="true" signature="tearDown(java.lang.String, java.lang.String, java.lang.String)[pri:0, instance:magicleapTesting.magicLeap@1d082e88]" started-at="2020-08-30T11:04:45Z" name="tearDown" finished-at="2020-08-30T11:04:45Z" duration-ms="1" status="PASS">
          <params>
            <param index="0">
              <value>
                <![CDATA[Chrome]]>
              </value>
            </param>
            <param index="1">
              <value>
                <![CDATA[54.0]]>
              </value>
            </param>
            <param index="2">
              <value>
                <![CDATA[Win10]]>
              </value>
            </param>
          </params>
          <reporter-output>
          </reporter-output>
        </test-method> <!-- tearDown -->
      </class> <!-- magicleapTesting.magicLeap -->
    </test> <!-- 55 -->
    <test started-at="2020-08-30T11:04:01Z" name="39" finished-at="2020-08-30T11:04:45Z" duration-ms="43957">
      <class name="magicleapTesting.magicLeap">
        <test-method is-config="true" signature="setUp()[pri:0, instance:magicleapTesting.magicLeap@4b168fa9]" started-at="2020-08-30T11:04:01Z" name="setUp" finished-at="2020-08-30T11:04:25Z" duration-ms="23952" status="PASS">
          <reporter-output>
          </reporter-output>
        </test-method> <!-- setUp -->
        <test-method signature="DesktopScript()[pri:0, instance:magicleapTesting.magicLeap@4b168fa9]" started-at="2020-08-30T11:04:25Z" name="DesktopScript" finished-at="2020-08-30T11:04:45Z" duration-ms="20002" status="PASS">
          <reporter-output>
          </reporter-output>
        </test-method> <!-- DesktopScript -->
        <test-method is-config="true" signature="tearDown(java.lang.String, java.lang.String, java.lang.String)[pri:0, instance:magicleapTesting.magicLeap@4b168fa9]" started-at="2020-08-30T11:04:45Z" name="tearDown" finished-at="2020-08-30T11:04:45Z" duration-ms="1" status="PASS">
          <params>
            <param index="0">
              <value>
                <![CDATA[Chrome]]>
              </value>
            </param>
            <param index="1">
              <value>
                <![CDATA[60.0]]>
              </value>
            </param>
            <param index="2">
              <value>
                <![CDATA[Win10]]>
              </value>
            </param>
          </params>
          <reporter-output>
          </reporter-output>
        </test-method> <!-- tearDown -->
      </class> <!-- magicleapTesting.magicLeap -->
    </test> <!-- 39 -->
    <test started-at="2020-08-30T11:04:01Z" name="23" finished-at="2020-08-30T11:04:45Z" duration-ms="43965">
      <class name="magicleapTesting.magicLeap">
        <test-method is-config="true" signature="setUp()[pri:0, instance:magicleapTesting.magicLeap@44a664f2]" started-at="2020-08-30T11:04:01Z" name="setUp" finished-at="2020-08-30T11:04:25Z" duration-ms="23961" status="PASS">
          <reporter-output>
          </reporter-output>
        </test-method> <!-- setUp -->
        <test-method signature="DesktopScript()[pri:0, instance:magicleapTesting.magicLeap@44a664f2]" started-at="2020-08-30T11:04:25Z" name="DesktopScript" finished-at="2020-08-30T11:04:45Z" duration-ms="20000" status="PASS">
          <reporter-output>
          </reporter-output>
        </test-method> <!-- DesktopScript -->
        <test-method is-config="true" signature="tearDown(java.lang.String, java.lang.String, java.lang.String)[pri:0, instance:magicleapTesting.magicLeap@44a664f2]" started-at="2020-08-30T11:04:45Z" name="tearDown" finished-at="2020-08-30T11:04:45Z" duration-ms="0" status="PASS">
          <params>
            <param index="0">
              <value>
                <![CDATA[Chrome]]>
              </value>
            </param>
            <param index="1">
              <value>
                <![CDATA[84.0]]>
              </value>
            </param>
            <param index="2">
              <value>
                <![CDATA[Win10]]>
              </value>
            </param>
          </params>
          <reporter-output>
          </reporter-output>
        </test-method> <!-- tearDown -->
      </class> <!-- magicleapTesting.magicLeap -->
    </test> <!-- 23 -->
    <test started-at="2020-08-30T11:04:01Z" name="12" finished-at="2020-08-30T11:04:45Z" duration-ms="43971">
      <class name="magicleapTesting.magicLeap">
        <test-method is-config="true" signature="setUp()[pri:0, instance:magicleapTesting.magicLeap@77be656f]" started-at="2020-08-30T11:04:01Z" name="setUp" finished-at="2020-08-30T11:04:25Z" duration-ms="23961" status="PASS">
          <reporter-output>
          </reporter-output>
        </test-method> <!-- setUp -->
        <test-method signature="DesktopScript()[pri:0, instance:magicleapTesting.magicLeap@77be656f]" started-at="2020-08-30T11:04:25Z" name="DesktopScript" finished-at="2020-08-30T11:04:45Z" duration-ms="20000" status="PASS">
          <reporter-output>
          </reporter-output>
        </test-method> <!-- DesktopScript -->
        <test-method is-config="true" signature="tearDown(java.lang.String, java.lang.String, java.lang.String)[pri:0, instance:magicleapTesting.magicLeap@77be656f]" started-at="2020-08-30T11:04:45Z" name="tearDown" finished-at="2020-08-30T11:04:45Z" duration-ms="0" status="PASS">
          <params>
            <param index="0">
              <value>
                <![CDATA[Firefox]]>
              </value>
            </param>
            <param index="1">
              <value>
                <![CDATA[72.0]]>
              </value>
            </param>
            <param index="2">
              <value>
                <![CDATA[Win10]]>
              </value>
            </param>
          </params>
          <reporter-output>
          </reporter-output>
        </test-method> <!-- tearDown -->
      </class> <!-- magicleapTesting.magicLeap -->
    </test> <!-- 12 -->
    <test started-at="2020-08-30T11:04:01Z" name="31" finished-at="2020-08-30T11:04:45Z" duration-ms="43973">
      <class name="magicleapTesting.magicLeap">
        <test-method is-config="true" signature="setUp()[pri:0, instance:magicleapTesting.magicLeap@482cd91f]" started-at="2020-08-30T11:04:01Z" name="setUp" finished-at="2020-08-30T11:04:25Z" duration-ms="23970" status="PASS">
          <reporter-output>
          </reporter-output>
        </test-method> <!-- setUp -->
        <test-method signature="DesktopScript()[pri:0, instance:magicleapTesting.magicLeap@482cd91f]" started-at="2020-08-30T11:04:25Z" name="DesktopScript" finished-at="2020-08-30T11:04:45Z" duration-ms="20002" status="PASS">
          <reporter-output>
          </reporter-output>
        </test-method> <!-- DesktopScript -->
        <test-method is-config="true" signature="tearDown(java.lang.String, java.lang.String, java.lang.String)[pri:0, instance:magicleapTesting.magicLeap@482cd91f]" started-at="2020-08-30T11:04:45Z" name="tearDown" finished-at="2020-08-30T11:04:45Z" duration-ms="0" status="PASS">
          <params>
            <param index="0">
              <value>
                <![CDATA[Chrome]]>
              </value>
            </param>
            <param index="1">
              <value>
                <![CDATA[63.0]]>
              </value>
            </param>
            <param index="2">
              <value>
                <![CDATA[Win10]]>
              </value>
            </param>
          </params>
          <reporter-output>
          </reporter-output>
        </test-method> <!-- tearDown -->
      </class> <!-- magicleapTesting.magicLeap -->
    </test> <!-- 31 -->
    <test started-at="2020-08-30T11:04:01Z" name="50" finished-at="2020-08-30T11:04:45Z" duration-ms="43988">
      <class name="magicleapTesting.magicLeap">
        <test-method is-config="true" signature="setUp()[pri:0, instance:magicleapTesting.magicLeap@2aa3cd93]" started-at="2020-08-30T11:04:01Z" name="setUp" finished-at="2020-08-30T11:04:25Z" duration-ms="23985" status="PASS">
          <reporter-output>
          </reporter-output>
        </test-method> <!-- setUp -->
        <test-method signature="DesktopScript()[pri:0, instance:magicleapTesting.magicLeap@2aa3cd93]" started-at="2020-08-30T11:04:25Z" name="DesktopScript" finished-at="2020-08-30T11:04:45Z" duration-ms="20001" status="PASS">
          <reporter-output>
          </reporter-output>
        </test-method> <!-- DesktopScript -->
        <test-method is-config="true" signature="tearDown(java.lang.String, java.lang.String, java.lang.String)[pri:0, instance:magicleapTesting.magicLeap@2aa3cd93]" started-at="2020-08-30T11:04:45Z" name="tearDown" finished-at="2020-08-30T11:04:45Z" duration-ms="1" status="PASS">
          <params>
            <param index="0">
              <value>
                <![CDATA[Chrome]]>
              </value>
            </param>
            <param index="1">
              <value>
                <![CDATA[33.0]]>
              </value>
            </param>
            <param index="2">
              <value>
                <![CDATA[Win10]]>
              </value>
            </param>
          </params>
          <reporter-output>
          </reporter-output>
        </test-method> <!-- tearDown -->
      </class> <!-- magicleapTesting.magicLeap -->
    </test> <!-- 50 -->
    <test started-at="2020-08-30T11:04:01Z" name="2" finished-at="2020-08-30T11:04:45Z" duration-ms="43997">
      <class name="magicleapTesting.magicLeap">
        <test-method is-config="true" signature="setUp()[pri:0, instance:magicleapTesting.magicLeap@21a947fe]" started-at="2020-08-30T11:04:01Z" name="setUp" finished-at="2020-08-30T11:04:25Z" duration-ms="23988" status="PASS">
          <reporter-output>
          </reporter-output>
        </test-method> <!-- setUp -->
        <test-method signature="DesktopScript()[pri:0, instance:magicleapTesting.magicLeap@21a947fe]" started-at="2020-08-30T11:04:25Z" name="DesktopScript" finished-at="2020-08-30T11:04:45Z" duration-ms="20001" status="PASS">
          <reporter-output>
          </reporter-output>
        </test-method> <!-- DesktopScript -->
        <test-method is-config="true" signature="tearDown(java.lang.String, java.lang.String, java.lang.String)[pri:0, instance:magicleapTesting.magicLeap@21a947fe]" started-at="2020-08-30T11:04:45Z" name="tearDown" finished-at="2020-08-30T11:04:45Z" duration-ms="0" status="PASS">
          <params>
            <param index="0">
              <value>
                <![CDATA[Firefox]]>
              </value>
            </param>
            <param index="1">
              <value>
                <![CDATA[74.0]]>
              </value>
            </param>
            <param index="2">
              <value>
                <![CDATA[win8]]>
              </value>
            </param>
          </params>
          <reporter-output>
          </reporter-output>
        </test-method> <!-- tearDown -->
      </class> <!-- magicleapTesting.magicLeap -->
    </test> <!-- 2 -->
    <test started-at="2020-08-30T11:04:01Z" name="41" finished-at="2020-08-30T11:04:45Z" duration-ms="43988">
      <class name="magicleapTesting.magicLeap">
        <test-method is-config="true" signature="setUp()[pri:0, instance:magicleapTesting.magicLeap@78b1cc93]" started-at="2020-08-30T11:04:01Z" name="setUp" finished-at="2020-08-30T11:04:25Z" duration-ms="23986" status="PASS">
          <reporter-output>
          </reporter-output>
        </test-method> <!-- setUp -->
        <test-method signature="DesktopScript()[pri:0, instance:magicleapTesting.magicLeap@78b1cc93]" started-at="2020-08-30T11:04:25Z" name="DesktopScript" finished-at="2020-08-30T11:04:45Z" duration-ms="20001" status="PASS">
          <reporter-output>
          </reporter-output>
        </test-method> <!-- DesktopScript -->
        <test-method is-config="true" signature="tearDown(java.lang.String, java.lang.String, java.lang.String)[pri:0, instance:magicleapTesting.magicLeap@78b1cc93]" started-at="2020-08-30T11:04:45Z" name="tearDown" finished-at="2020-08-30T11:04:45Z" duration-ms="1" status="PASS">
          <params>
            <param index="0">
              <value>
                <![CDATA[Chrome]]>
              </value>
            </param>
            <param index="1">
              <value>
                <![CDATA[60.0]]>
              </value>
            </param>
            <param index="2">
              <value>
                <![CDATA[Win10]]>
              </value>
            </param>
          </params>
          <reporter-output>
          </reporter-output>
        </test-method> <!-- tearDown -->
      </class> <!-- magicleapTesting.magicLeap -->
    </test> <!-- 41 -->
    <test started-at="2020-08-30T11:04:01Z" name="18" finished-at="2020-08-30T11:04:45Z" duration-ms="43995">
      <class name="magicleapTesting.magicLeap">
        <test-method is-config="true" signature="setUp()[pri:0, instance:magicleapTesting.magicLeap@3f200884]" started-at="2020-08-30T11:04:01Z" name="setUp" finished-at="2020-08-30T11:04:25Z" duration-ms="23992" status="PASS">
          <reporter-output>
          </reporter-output>
        </test-method> <!-- setUp -->
        <test-method signature="DesktopScript()[pri:0, instance:magicleapTesting.magicLeap@3f200884]" started-at="2020-08-30T11:04:25Z" name="DesktopScript" finished-at="2020-08-30T11:04:45Z" duration-ms="20001" status="PASS">
          <reporter-output>
          </reporter-output>
        </test-method> <!-- DesktopScript -->
        <test-method is-config="true" signature="tearDown(java.lang.String, java.lang.String, java.lang.String)[pri:0, instance:magicleapTesting.magicLeap@3f200884]" started-at="2020-08-30T11:04:45Z" name="tearDown" finished-at="2020-08-30T11:04:45Z" duration-ms="0" status="PASS">
          <params>
            <param index="0">
              <value>
                <![CDATA[Chrome]]>
              </value>
            </param>
            <param index="1">
              <value>
                <![CDATA[65.0]]>
              </value>
            </param>
            <param index="2">
              <value>
                <![CDATA[Win10]]>
              </value>
            </param>
          </params>
          <reporter-output>
          </reporter-output>
        </test-method> <!-- tearDown -->
      </class> <!-- magicleapTesting.magicLeap -->
    </test> <!-- 18 -->
    <test started-at="2020-08-30T11:04:01Z" name="6" finished-at="2020-08-30T11:04:45Z" duration-ms="43997">
      <class name="magicleapTesting.magicLeap">
        <test-method is-config="true" signature="setUp()[pri:0, instance:magicleapTesting.magicLeap@6385cb26]" started-at="2020-08-30T11:04:01Z" name="setUp" finished-at="2020-08-30T11:04:25Z" duration-ms="23988" status="PASS">
          <reporter-output>
          </reporter-output>
        </test-method> <!-- setUp -->
        <test-method signature="DesktopScript()[pri:0, instance:magicleapTesting.magicLeap@6385cb26]" started-at="2020-08-30T11:04:25Z" name="DesktopScript" finished-at="2020-08-30T11:04:45Z" duration-ms="20000" status="PASS">
          <reporter-output>
          </reporter-output>
        </test-method> <!-- DesktopScript -->
        <test-method is-config="true" signature="tearDown(java.lang.String, java.lang.String, java.lang.String)[pri:0, instance:magicleapTesting.magicLeap@6385cb26]" started-at="2020-08-30T11:04:45Z" name="tearDown" finished-at="2020-08-30T11:04:45Z" duration-ms="0" status="PASS">
          <params>
            <param index="0">
              <value>
                <![CDATA[Internet Explorer]]>
              </value>
            </param>
            <param index="1">
              <value>
                <![CDATA[11.0]]>
              </value>
            </param>
            <param index="2">
              <value>
                <![CDATA[win10]]>
              </value>
            </param>
          </params>
          <reporter-output>
          </reporter-output>
        </test-method> <!-- tearDown -->
      </class> <!-- magicleapTesting.magicLeap -->
    </test> <!-- 6 -->
    <test started-at="2020-08-30T11:04:01Z" name="56" finished-at="2020-08-30T11:04:45Z" duration-ms="44000">
      <class name="magicleapTesting.magicLeap">
        <test-method is-config="true" signature="setUp()[pri:0, instance:magicleapTesting.magicLeap@7f1302d6]" started-at="2020-08-30T11:04:01Z" name="setUp" finished-at="2020-08-30T11:04:25Z" duration-ms="23998" status="PASS">
          <reporter-output>
          </reporter-output>
        </test-method> <!-- setUp -->
        <test-method signature="DesktopScript()[pri:0, instance:magicleapTesting.magicLeap@7f1302d6]" started-at="2020-08-30T11:04:25Z" name="DesktopScript" finished-at="2020-08-30T11:04:45Z" duration-ms="20002" status="PASS">
          <reporter-output>
          </reporter-output>
        </test-method> <!-- DesktopScript -->
        <test-method is-config="true" signature="tearDown(java.lang.String, java.lang.String, java.lang.String)[pri:0, instance:magicleapTesting.magicLeap@7f1302d6]" started-at="2020-08-30T11:04:45Z" name="tearDown" finished-at="2020-08-30T11:04:45Z" duration-ms="0" status="PASS">
          <params>
            <param index="0">
              <value>
                <![CDATA[Chrome]]>
              </value>
            </param>
            <param index="1">
              <value>
                <![CDATA[53.0]]>
              </value>
            </param>
            <param index="2">
              <value>
                <![CDATA[Win10]]>
              </value>
            </param>
          </params>
          <reporter-output>
          </reporter-output>
        </test-method> <!-- tearDown -->
      </class> <!-- magicleapTesting.magicLeap -->
    </test> <!-- 56 -->
    <test started-at="2020-08-30T11:04:01Z" name="8" finished-at="2020-08-30T11:04:45Z" duration-ms="44013">
      <class name="magicleapTesting.magicLeap">
        <test-method is-config="true" signature="setUp()[pri:0, instance:magicleapTesting.magicLeap@15d9bc04]" started-at="2020-08-30T11:04:01Z" name="setUp" finished-at="2020-08-30T11:04:25Z" duration-ms="24005" status="PASS">
          <reporter-output>
          </reporter-output>
        </test-method> <!-- setUp -->
        <test-method signature="DesktopScript()[pri:0, instance:magicleapTesting.magicLeap@15d9bc04]" started-at="2020-08-30T11:04:25Z" name="DesktopScript" finished-at="2020-08-30T11:04:45Z" duration-ms="20001" status="PASS">
          <reporter-output>
          </reporter-output>
        </test-method> <!-- DesktopScript -->
        <test-method is-config="true" signature="tearDown(java.lang.String, java.lang.String, java.lang.String)[pri:0, instance:magicleapTesting.magicLeap@15d9bc04]" started-at="2020-08-30T11:04:45Z" name="tearDown" finished-at="2020-08-30T11:04:45Z" duration-ms="0" status="PASS">
          <params>
            <param index="0">
              <value>
                <![CDATA[Chrome]]>
              </value>
            </param>
            <param index="1">
              <value>
                <![CDATA[73.0]]>
              </value>
            </param>
            <param index="2">
              <value>
                <![CDATA[Win10]]>
              </value>
            </param>
          </params>
          <reporter-output>
          </reporter-output>
        </test-method> <!-- tearDown -->
      </class> <!-- magicleapTesting.magicLeap -->
    </test> <!-- 8 -->
    <test started-at="2020-08-30T11:04:01Z" name="30" finished-at="2020-08-30T11:04:45Z" duration-ms="44028">
      <class name="magicleapTesting.magicLeap">
        <test-method is-config="true" signature="setUp()[pri:0, instance:magicleapTesting.magicLeap@2145433b]" started-at="2020-08-30T11:04:01Z" name="setUp" finished-at="2020-08-30T11:04:25Z" duration-ms="24026" status="PASS">
          <reporter-output>
          </reporter-output>
        </test-method> <!-- setUp -->
        <test-method signature="DesktopScript()[pri:0, instance:magicleapTesting.magicLeap@2145433b]" started-at="2020-08-30T11:04:25Z" name="DesktopScript" finished-at="2020-08-30T11:04:45Z" duration-ms="20002" status="PASS">
          <reporter-output>
          </reporter-output>
        </test-method> <!-- DesktopScript -->
        <test-method is-config="true" signature="tearDown(java.lang.String, java.lang.String, java.lang.String)[pri:0, instance:magicleapTesting.magicLeap@2145433b]" started-at="2020-08-30T11:04:45Z" name="tearDown" finished-at="2020-08-30T11:04:45Z" duration-ms="0" status="PASS">
          <params>
            <param index="0">
              <value>
                <![CDATA[Chrome]]>
              </value>
            </param>
            <param index="1">
              <value>
                <![CDATA[76.0]]>
              </value>
            </param>
            <param index="2">
              <value>
                <![CDATA[Win10]]>
              </value>
            </param>
          </params>
          <reporter-output>
          </reporter-output>
        </test-method> <!-- tearDown -->
      </class> <!-- magicleapTesting.magicLeap -->
    </test> <!-- 30 -->
    <test started-at="2020-08-30T11:04:01Z" name="1" finished-at="2020-08-30T11:04:45Z" duration-ms="44035">
      <class name="magicleapTesting.magicLeap">
        <test-method is-config="true" signature="setUp()[pri:0, instance:magicleapTesting.magicLeap@6cc7b4de]" started-at="2020-08-30T11:04:01Z" name="setUp" finished-at="2020-08-30T11:04:25Z" duration-ms="24026" status="PASS">
          <reporter-output>
          </reporter-output>
        </test-method> <!-- setUp -->
        <test-method signature="DesktopScript()[pri:0, instance:magicleapTesting.magicLeap@6cc7b4de]" started-at="2020-08-30T11:04:25Z" name="DesktopScript" finished-at="2020-08-30T11:04:45Z" duration-ms="20002" status="PASS">
          <reporter-output>
          </reporter-output>
        </test-method> <!-- DesktopScript -->
        <test-method is-config="true" signature="tearDown(java.lang.String, java.lang.String, java.lang.String)[pri:0, instance:magicleapTesting.magicLeap@6cc7b4de]" started-at="2020-08-30T11:04:45Z" name="tearDown" finished-at="2020-08-30T11:04:45Z" duration-ms="0" status="PASS">
          <params>
            <param index="0">
              <value>
                <![CDATA[IE]]>
              </value>
            </param>
            <param index="1">
              <value>
                <![CDATA[11.0]]>
              </value>
            </param>
            <param index="2">
              <value>
                <![CDATA[win10]]>
              </value>
            </param>
          </params>
          <reporter-output>
          </reporter-output>
        </test-method> <!-- tearDown -->
      </class> <!-- magicleapTesting.magicLeap -->
    </test> <!-- 1 -->
    <test started-at="2020-08-30T11:04:01Z" name="20" finished-at="2020-08-30T11:04:45Z" duration-ms="44030">
      <class name="magicleapTesting.magicLeap">
        <test-method is-config="true" signature="setUp()[pri:0, instance:magicleapTesting.magicLeap@351d0846]" started-at="2020-08-30T11:04:01Z" name="setUp" finished-at="2020-08-30T11:04:25Z" duration-ms="24026" status="PASS">
          <reporter-output>
          </reporter-output>
        </test-method> <!-- setUp -->
        <test-method signature="DesktopScript()[pri:0, instance:magicleapTesting.magicLeap@351d0846]" started-at="2020-08-30T11:04:25Z" name="DesktopScript" finished-at="2020-08-30T11:04:45Z" duration-ms="20002" status="PASS">
          <reporter-output>
          </reporter-output>
        </test-method> <!-- DesktopScript -->
        <test-method is-config="true" signature="tearDown(java.lang.String, java.lang.String, java.lang.String)[pri:0, instance:magicleapTesting.magicLeap@351d0846]" started-at="2020-08-30T11:04:45Z" name="tearDown" finished-at="2020-08-30T11:04:45Z" duration-ms="0" status="PASS">
          <params>
            <param index="0">
              <value>
                <![CDATA[firefox]]>
              </value>
            </param>
            <param index="1">
              <value>
                <![CDATA[76.0]]>
              </value>
            </param>
            <param index="2">
              <value>
                <![CDATA[Win10]]>
              </value>
            </param>
          </params>
          <reporter-output>
          </reporter-output>
        </test-method> <!-- tearDown -->
      </class> <!-- magicleapTesting.magicLeap -->
    </test> <!-- 20 -->
    <test started-at="2020-08-30T11:04:01Z" name="36" finished-at="2020-08-30T11:04:45Z" duration-ms="44047">
      <class name="magicleapTesting.magicLeap">
        <test-method is-config="true" signature="setUp()[pri:0, instance:magicleapTesting.magicLeap@691a7f8f]" started-at="2020-08-30T11:04:01Z" name="setUp" finished-at="2020-08-30T11:04:25Z" duration-ms="24043" status="PASS">
          <reporter-output>
          </reporter-output>
        </test-method> <!-- setUp -->
        <test-method signature="DesktopScript()[pri:0, instance:magicleapTesting.magicLeap@691a7f8f]" started-at="2020-08-30T11:04:25Z" name="DesktopScript" finished-at="2020-08-30T11:04:45Z" duration-ms="20003" status="PASS">
          <reporter-output>
          </reporter-output>
        </test-method> <!-- DesktopScript -->
        <test-method is-config="true" signature="tearDown(java.lang.String, java.lang.String, java.lang.String)[pri:0, instance:magicleapTesting.magicLeap@691a7f8f]" started-at="2020-08-30T11:04:45Z" name="tearDown" finished-at="2020-08-30T11:04:45Z" duration-ms="0" status="PASS">
          <params>
            <param index="0">
              <value>
                <![CDATA[Chrome]]>
              </value>
            </param>
            <param index="1">
              <value>
                <![CDATA[62.0]]>
              </value>
            </param>
            <param index="2">
              <value>
                <![CDATA[Win10]]>
              </value>
            </param>
          </params>
          <reporter-output>
          </reporter-output>
        </test-method> <!-- tearDown -->
      </class> <!-- magicleapTesting.magicLeap -->
    </test> <!-- 36 -->
    <test started-at="2020-08-30T11:04:01Z" name="35" finished-at="2020-08-30T11:04:46Z" duration-ms="44075">
      <class name="magicleapTesting.magicLeap">
        <test-method is-config="true" signature="setUp()[pri:0, instance:magicleapTesting.magicLeap@17c386de]" started-at="2020-08-30T11:04:01Z" name="setUp" finished-at="2020-08-30T11:04:26Z" duration-ms="24073" status="PASS">
          <reporter-output>
          </reporter-output>
        </test-method> <!-- setUp -->
        <test-method signature="DesktopScript()[pri:0, instance:magicleapTesting.magicLeap@17c386de]" started-at="2020-08-30T11:04:26Z" name="DesktopScript" finished-at="2020-08-30T11:04:46Z" duration-ms="20001" status="PASS">
          <reporter-output>
          </reporter-output>
        </test-method> <!-- DesktopScript -->
        <test-method is-config="true" signature="tearDown(java.lang.String, java.lang.String, java.lang.String)[pri:0, instance:magicleapTesting.magicLeap@17c386de]" started-at="2020-08-30T11:04:46Z" name="tearDown" finished-at="2020-08-30T11:04:46Z" duration-ms="0" status="PASS">
          <params>
            <param index="0">
              <value>
                <![CDATA[Chrome]]>
              </value>
            </param>
            <param index="1">
              <value>
                <![CDATA[63.0]]>
              </value>
            </param>
            <param index="2">
              <value>
                <![CDATA[Win10]]>
              </value>
            </param>
          </params>
          <reporter-output>
          </reporter-output>
        </test-method> <!-- tearDown -->
      </class> <!-- magicleapTesting.magicLeap -->
    </test> <!-- 35 -->
    <test started-at="2020-08-30T11:04:01Z" name="51" finished-at="2020-08-30T11:04:46Z" duration-ms="44077">
      <class name="magicleapTesting.magicLeap">
        <test-method is-config="true" signature="setUp()[pri:0, instance:magicleapTesting.magicLeap@10db82ae]" started-at="2020-08-30T11:04:01Z" name="setUp" finished-at="2020-08-30T11:04:26Z" duration-ms="24074" status="PASS">
          <reporter-output>
          </reporter-output>
        </test-method> <!-- setUp -->
        <test-method signature="DesktopScript()[pri:0, instance:magicleapTesting.magicLeap@10db82ae]" started-at="2020-08-30T11:04:26Z" name="DesktopScript" finished-at="2020-08-30T11:04:46Z" duration-ms="20001" status="PASS">
          <reporter-output>
          </reporter-output>
        </test-method> <!-- DesktopScript -->
        <test-method is-config="true" signature="tearDown(java.lang.String, java.lang.String, java.lang.String)[pri:0, instance:magicleapTesting.magicLeap@10db82ae]" started-at="2020-08-30T11:04:46Z" name="tearDown" finished-at="2020-08-30T11:04:46Z" duration-ms="0" status="PASS">
          <params>
            <param index="0">
              <value>
                <![CDATA[Chrome]]>
              </value>
            </param>
            <param index="1">
              <value>
                <![CDATA[32.0]]>
              </value>
            </param>
            <param index="2">
              <value>
                <![CDATA[Win10]]>
              </value>
            </param>
          </params>
          <reporter-output>
          </reporter-output>
        </test-method> <!-- tearDown -->
      </class> <!-- magicleapTesting.magicLeap -->
    </test> <!-- 51 -->
    <test started-at="2020-08-30T11:04:01Z" name="24" finished-at="2020-08-30T11:04:46Z" duration-ms="44083">
      <class name="magicleapTesting.magicLeap">
        <test-method is-config="true" signature="setUp()[pri:0, instance:magicleapTesting.magicLeap@8b96fde]" started-at="2020-08-30T11:04:01Z" name="setUp" finished-at="2020-08-30T11:04:26Z" duration-ms="24081" status="PASS">
          <reporter-output>
          </reporter-output>
        </test-method> <!-- setUp -->
        <test-method signature="DesktopScript()[pri:0, instance:magicleapTesting.magicLeap@8b96fde]" started-at="2020-08-30T11:04:26Z" name="DesktopScript" finished-at="2020-08-30T11:04:46Z" duration-ms="20001" status="PASS">
          <reporter-output>
          </reporter-output>
        </test-method> <!-- DesktopScript -->
        <test-method is-config="true" signature="tearDown(java.lang.String, java.lang.String, java.lang.String)[pri:0, instance:magicleapTesting.magicLeap@8b96fde]" started-at="2020-08-30T11:04:46Z" name="tearDown" finished-at="2020-08-30T11:04:46Z" duration-ms="0" status="PASS">
          <params>
            <param index="0">
              <value>
                <![CDATA[Chrome]]>
              </value>
            </param>
            <param index="1">
              <value>
                <![CDATA[83.0]]>
              </value>
            </param>
            <param index="2">
              <value>
                <![CDATA[Win10]]>
              </value>
            </param>
          </params>
          <reporter-output>
          </reporter-output>
        </test-method> <!-- tearDown -->
      </class> <!-- magicleapTesting.magicLeap -->
    </test> <!-- 24 -->
    <test started-at="2020-08-30T11:04:01Z" name="46" finished-at="2020-08-30T11:04:46Z" duration-ms="44097">
      <class name="magicleapTesting.magicLeap">
        <test-method is-config="true" signature="setUp()[pri:0, instance:magicleapTesting.magicLeap@5e4c8041]" started-at="2020-08-30T11:04:01Z" name="setUp" finished-at="2020-08-30T11:04:26Z" duration-ms="24096" status="PASS">
          <reporter-output>
          </reporter-output>
        </test-method> <!-- setUp -->
        <test-method signature="DesktopScript()[pri:0, instance:magicleapTesting.magicLeap@5e4c8041]" started-at="2020-08-30T11:04:26Z" name="DesktopScript" finished-at="2020-08-30T11:04:46Z" duration-ms="20001" status="PASS">
          <reporter-output>
          </reporter-output>
        </test-method> <!-- DesktopScript -->
        <test-method is-config="true" signature="tearDown(java.lang.String, java.lang.String, java.lang.String)[pri:0, instance:magicleapTesting.magicLeap@5e4c8041]" started-at="2020-08-30T11:04:46Z" name="tearDown" finished-at="2020-08-30T11:04:46Z" duration-ms="0" status="PASS">
          <params>
            <param index="0">
              <value>
                <![CDATA[Chrome]]>
              </value>
            </param>
            <param index="1">
              <value>
                <![CDATA[37.0]]>
              </value>
            </param>
            <param index="2">
              <value>
                <![CDATA[Win10]]>
              </value>
            </param>
          </params>
          <reporter-output>
          </reporter-output>
        </test-method> <!-- tearDown -->
      </class> <!-- magicleapTesting.magicLeap -->
    </test> <!-- 46 -->
    <test started-at="2020-08-30T11:04:01Z" name="47" finished-at="2020-08-30T11:04:46Z" duration-ms="44100">
      <class name="magicleapTesting.magicLeap">
        <test-method is-config="true" signature="setUp()[pri:0, instance:magicleapTesting.magicLeap@d83da2e]" started-at="2020-08-30T11:04:01Z" name="setUp" finished-at="2020-08-30T11:04:26Z" duration-ms="24096" status="PASS">
          <reporter-output>
          </reporter-output>
        </test-method> <!-- setUp -->
        <test-method signature="DesktopScript()[pri:0, instance:magicleapTesting.magicLeap@d83da2e]" started-at="2020-08-30T11:04:26Z" name="DesktopScript" finished-at="2020-08-30T11:04:46Z" duration-ms="20003" status="PASS">
          <reporter-output>
          </reporter-output>
        </test-method> <!-- DesktopScript -->
        <test-method is-config="true" signature="tearDown(java.lang.String, java.lang.String, java.lang.String)[pri:0, instance:magicleapTesting.magicLeap@d83da2e]" started-at="2020-08-30T11:04:46Z" name="tearDown" finished-at="2020-08-30T11:04:46Z" duration-ms="1" status="PASS">
          <params>
            <param index="0">
              <value>
                <![CDATA[Chrome]]>
              </value>
            </param>
            <param index="1">
              <value>
                <![CDATA[36.0]]>
              </value>
            </param>
            <param index="2">
              <value>
                <![CDATA[Win10]]>
              </value>
            </param>
          </params>
          <reporter-output>
          </reporter-output>
        </test-method> <!-- tearDown -->
      </class> <!-- magicleapTesting.magicLeap -->
    </test> <!-- 47 -->
    <test started-at="2020-08-30T11:04:01Z" name="26" finished-at="2020-08-30T11:04:46Z" duration-ms="44103">
      <class name="magicleapTesting.magicLeap">
        <test-method is-config="true" signature="setUp()[pri:0, instance:magicleapTesting.magicLeap@64c87930]" started-at="2020-08-30T11:04:01Z" name="setUp" finished-at="2020-08-30T11:04:26Z" duration-ms="24098" status="PASS">
          <reporter-output>
          </reporter-output>
        </test-method> <!-- setUp -->
        <test-method signature="DesktopScript()[pri:0, instance:magicleapTesting.magicLeap@64c87930]" started-at="2020-08-30T11:04:26Z" name="DesktopScript" finished-at="2020-08-30T11:04:46Z" duration-ms="20003" status="PASS">
          <reporter-output>
          </reporter-output>
        </test-method> <!-- DesktopScript -->
        <test-method is-config="true" signature="tearDown(java.lang.String, java.lang.String, java.lang.String)[pri:0, instance:magicleapTesting.magicLeap@64c87930]" started-at="2020-08-30T11:04:46Z" name="tearDown" finished-at="2020-08-30T11:04:46Z" duration-ms="1" status="PASS">
          <params>
            <param index="0">
              <value>
                <![CDATA[Chrome]]>
              </value>
            </param>
            <param index="1">
              <value>
                <![CDATA[80.0]]>
              </value>
            </param>
            <param index="2">
              <value>
                <![CDATA[Win10]]>
              </value>
            </param>
          </params>
          <reporter-output>
          </reporter-output>
        </test-method> <!-- tearDown -->
      </class> <!-- magicleapTesting.magicLeap -->
    </test> <!-- 26 -->
    <test started-at="2020-08-30T11:04:01Z" name="32" finished-at="2020-08-30T11:04:46Z" duration-ms="44103">
      <class name="magicleapTesting.magicLeap">
        <test-method is-config="true" signature="setUp()[pri:0, instance:magicleapTesting.magicLeap@25b485ba]" started-at="2020-08-30T11:04:01Z" name="setUp" finished-at="2020-08-30T11:04:26Z" duration-ms="24100" status="PASS">
          <reporter-output>
          </reporter-output>
        </test-method> <!-- setUp -->
        <test-method signature="DesktopScript()[pri:0, instance:magicleapTesting.magicLeap@25b485ba]" started-at="2020-08-30T11:04:26Z" name="DesktopScript" finished-at="2020-08-30T11:04:46Z" duration-ms="20001" status="PASS">
          <reporter-output>
          </reporter-output>
        </test-method> <!-- DesktopScript -->
        <test-method is-config="true" signature="tearDown(java.lang.String, java.lang.String, java.lang.String)[pri:0, instance:magicleapTesting.magicLeap@25b485ba]" started-at="2020-08-30T11:04:46Z" name="tearDown" finished-at="2020-08-30T11:04:46Z" duration-ms="0" status="PASS">
          <params>
            <param index="0">
              <value>
                <![CDATA[Chrome]]>
              </value>
            </param>
            <param index="1">
              <value>
                <![CDATA[66.0]]>
              </value>
            </param>
            <param index="2">
              <value>
                <![CDATA[Win10]]>
              </value>
            </param>
          </params>
          <reporter-output>
          </reporter-output>
        </test-method> <!-- tearDown -->
      </class> <!-- magicleapTesting.magicLeap -->
    </test> <!-- 32 -->
    <test started-at="2020-08-30T11:04:01Z" name="16" finished-at="2020-08-30T11:04:46Z" duration-ms="44117">
      <class name="magicleapTesting.magicLeap">
        <test-method is-config="true" signature="setUp()[pri:0, instance:magicleapTesting.magicLeap@7ff2a664]" started-at="2020-08-30T11:04:01Z" name="setUp" finished-at="2020-08-30T11:04:26Z" duration-ms="24102" status="PASS">
          <reporter-output>
          </reporter-output>
        </test-method> <!-- setUp -->
        <test-method signature="DesktopScript()[pri:0, instance:magicleapTesting.magicLeap@7ff2a664]" started-at="2020-08-30T11:04:26Z" name="DesktopScript" finished-at="2020-08-30T11:04:46Z" duration-ms="20006" status="PASS">
          <reporter-output>
          </reporter-output>
        </test-method> <!-- DesktopScript -->
        <test-method is-config="true" signature="tearDown(java.lang.String, java.lang.String, java.lang.String)[pri:0, instance:magicleapTesting.magicLeap@7ff2a664]" started-at="2020-08-30T11:04:46Z" name="tearDown" finished-at="2020-08-30T11:04:46Z" duration-ms="1" status="PASS">
          <params>
            <param index="0">
              <value>
                <![CDATA[firefox]]>
              </value>
            </param>
            <param index="1">
              <value>
                <![CDATA[76.0]]>
              </value>
            </param>
            <param index="2">
              <value>
                <![CDATA[Win10]]>
              </value>
            </param>
          </params>
          <reporter-output>
          </reporter-output>
        </test-method> <!-- tearDown -->
      </class> <!-- magicleapTesting.magicLeap -->
    </test> <!-- 16 -->
    <test started-at="2020-08-30T11:04:01Z" name="43" finished-at="2020-08-30T11:04:46Z" duration-ms="44110">
      <class name="magicleapTesting.magicLeap">
        <test-method is-config="true" signature="setUp()[pri:0, instance:magicleapTesting.magicLeap@5c1a8622]" started-at="2020-08-30T11:04:01Z" name="setUp" finished-at="2020-08-30T11:04:26Z" duration-ms="24107" status="PASS">
          <reporter-output>
          </reporter-output>
        </test-method> <!-- setUp -->
        <test-method signature="DesktopScript()[pri:0, instance:magicleapTesting.magicLeap@5c1a8622]" started-at="2020-08-30T11:04:26Z" name="DesktopScript" finished-at="2020-08-30T11:04:46Z" duration-ms="20003" status="PASS">
          <reporter-output>
          </reporter-output>
        </test-method> <!-- DesktopScript -->
        <test-method is-config="true" signature="tearDown(java.lang.String, java.lang.String, java.lang.String)[pri:0, instance:magicleapTesting.magicLeap@5c1a8622]" started-at="2020-08-30T11:04:46Z" name="tearDown" finished-at="2020-08-30T11:04:46Z" duration-ms="0" status="PASS">
          <params>
            <param index="0">
              <value>
                <![CDATA[Chrome]]>
              </value>
            </param>
            <param index="1">
              <value>
                <![CDATA[83.0]]>
              </value>
            </param>
            <param index="2">
              <value>
                <![CDATA[Win10]]>
              </value>
            </param>
          </params>
          <reporter-output>
          </reporter-output>
        </test-method> <!-- tearDown -->
      </class> <!-- magicleapTesting.magicLeap -->
    </test> <!-- 43 -->
    <test started-at="2020-08-30T11:04:01Z" name="25" finished-at="2020-08-30T11:04:46Z" duration-ms="44113">
      <class name="magicleapTesting.magicLeap">
        <test-method is-config="true" signature="setUp()[pri:0, instance:magicleapTesting.magicLeap@57d5872c]" started-at="2020-08-30T11:04:01Z" name="setUp" finished-at="2020-08-30T11:04:26Z" duration-ms="24109" status="PASS">
          <reporter-output>
          </reporter-output>
        </test-method> <!-- setUp -->
        <test-method signature="DesktopScript()[pri:0, instance:magicleapTesting.magicLeap@57d5872c]" started-at="2020-08-30T11:04:26Z" name="DesktopScript" finished-at="2020-08-30T11:04:46Z" duration-ms="20003" status="PASS">
          <reporter-output>
          </reporter-output>
        </test-method> <!-- DesktopScript -->
        <test-method is-config="true" signature="tearDown(java.lang.String, java.lang.String, java.lang.String)[pri:0, instance:magicleapTesting.magicLeap@57d5872c]" started-at="2020-08-30T11:04:46Z" name="tearDown" finished-at="2020-08-30T11:04:46Z" duration-ms="0" status="PASS">
          <params>
            <param index="0">
              <value>
                <![CDATA[Chrome]]>
              </value>
            </param>
            <param index="1">
              <value>
                <![CDATA[79.0]]>
              </value>
            </param>
            <param index="2">
              <value>
                <![CDATA[Win10]]>
              </value>
            </param>
          </params>
          <reporter-output>
          </reporter-output>
        </test-method> <!-- tearDown -->
      </class> <!-- magicleapTesting.magicLeap -->
    </test> <!-- 25 -->
    <test started-at="2020-08-30T11:04:01Z" name="42" finished-at="2020-08-30T11:04:46Z" duration-ms="44112">
      <class name="magicleapTesting.magicLeap">
        <test-method is-config="true" signature="setUp()[pri:0, instance:magicleapTesting.magicLeap@657c8ad9]" started-at="2020-08-30T11:04:01Z" name="setUp" finished-at="2020-08-30T11:04:26Z" duration-ms="24111" status="PASS">
          <reporter-output>
          </reporter-output>
        </test-method> <!-- setUp -->
        <test-method signature="DesktopScript()[pri:0, instance:magicleapTesting.magicLeap@657c8ad9]" started-at="2020-08-30T11:04:26Z" name="DesktopScript" finished-at="2020-08-30T11:04:46Z" duration-ms="20001" status="PASS">
          <reporter-output>
          </reporter-output>
        </test-method> <!-- DesktopScript -->
        <test-method is-config="true" signature="tearDown(java.lang.String, java.lang.String, java.lang.String)[pri:0, instance:magicleapTesting.magicLeap@657c8ad9]" started-at="2020-08-30T11:04:46Z" name="tearDown" finished-at="2020-08-30T11:04:46Z" duration-ms="0" status="PASS">
          <params>
            <param index="0">
              <value>
                <![CDATA[Firefox]]>
              </value>
            </param>
            <param index="1">
              <value>
                <![CDATA[76.0]]>
              </value>
            </param>
            <param index="2">
              <value>
                <![CDATA[Win10]]>
              </value>
            </param>
          </params>
          <reporter-output>
          </reporter-output>
        </test-method> <!-- tearDown -->
      </class> <!-- magicleapTesting.magicLeap -->
    </test> <!-- 42 -->
    <test started-at="2020-08-30T11:04:01Z" name="14" finished-at="2020-08-30T11:04:46Z" duration-ms="44130">
      <class name="magicleapTesting.magicLeap">
        <test-method is-config="true" signature="setUp()[pri:0, instance:magicleapTesting.magicLeap@dd3b207]" started-at="2020-08-30T11:04:01Z" name="setUp" finished-at="2020-08-30T11:04:26Z" duration-ms="24121" status="PASS">
          <reporter-output>
          </reporter-output>
        </test-method> <!-- setUp -->
        <test-method signature="DesktopScript()[pri:0, instance:magicleapTesting.magicLeap@dd3b207]" started-at="2020-08-30T11:04:26Z" name="DesktopScript" finished-at="2020-08-30T11:04:46Z" duration-ms="20001" status="PASS">
          <reporter-output>
          </reporter-output>
        </test-method> <!-- DesktopScript -->
        <test-method is-config="true" signature="tearDown(java.lang.String, java.lang.String, java.lang.String)[pri:0, instance:magicleapTesting.magicLeap@dd3b207]" started-at="2020-08-30T11:04:46Z" name="tearDown" finished-at="2020-08-30T11:04:46Z" duration-ms="0" status="PASS">
          <params>
            <param index="0">
              <value>
                <![CDATA[Internet Explorer]]>
              </value>
            </param>
            <param index="1">
              <value>
                <![CDATA[11.0]]>
              </value>
            </param>
            <param index="2">
              <value>
                <![CDATA[Win10]]>
              </value>
            </param>
          </params>
          <reporter-output>
          </reporter-output>
        </test-method> <!-- tearDown -->
      </class> <!-- magicleapTesting.magicLeap -->
    </test> <!-- 14 -->
    <test started-at="2020-08-30T11:04:01Z" name="22" finished-at="2020-08-30T11:04:46Z" duration-ms="44130">
      <class name="magicleapTesting.magicLeap">
        <test-method is-config="true" signature="setUp()[pri:0, instance:magicleapTesting.magicLeap@770c2e6b]" started-at="2020-08-30T11:04:01Z" name="setUp" finished-at="2020-08-30T11:04:26Z" duration-ms="24125" status="PASS">
          <reporter-output>
          </reporter-output>
        </test-method> <!-- setUp -->
        <test-method signature="DesktopScript()[pri:0, instance:magicleapTesting.magicLeap@770c2e6b]" started-at="2020-08-30T11:04:26Z" name="DesktopScript" finished-at="2020-08-30T11:04:46Z" duration-ms="20003" status="PASS">
          <reporter-output>
          </reporter-output>
        </test-method> <!-- DesktopScript -->
        <test-method is-config="true" signature="tearDown(java.lang.String, java.lang.String, java.lang.String)[pri:0, instance:magicleapTesting.magicLeap@770c2e6b]" started-at="2020-08-30T11:04:46Z" name="tearDown" finished-at="2020-08-30T11:04:46Z" duration-ms="0" status="PASS">
          <params>
            <param index="0">
              <value>
                <![CDATA[Chrome]]>
              </value>
            </param>
            <param index="1">
              <value>
                <![CDATA[78.0]]>
              </value>
            </param>
            <param index="2">
              <value>
                <![CDATA[Win10]]>
              </value>
            </param>
          </params>
          <reporter-output>
          </reporter-output>
        </test-method> <!-- tearDown -->
      </class> <!-- magicleapTesting.magicLeap -->
    </test> <!-- 22 -->
    <test started-at="2020-08-30T11:04:01Z" name="5" finished-at="2020-08-30T11:04:46Z" duration-ms="44138">
      <class name="magicleapTesting.magicLeap">
        <test-method is-config="true" signature="setUp()[pri:0, instance:magicleapTesting.magicLeap@3d3fcdb0]" started-at="2020-08-30T11:04:01Z" name="setUp" finished-at="2020-08-30T11:04:26Z" duration-ms="24128" status="PASS">
          <reporter-output>
          </reporter-output>
        </test-method> <!-- setUp -->
        <test-method signature="DesktopScript()[pri:0, instance:magicleapTesting.magicLeap@3d3fcdb0]" started-at="2020-08-30T11:04:26Z" name="DesktopScript" finished-at="2020-08-30T11:04:46Z" duration-ms="20003" status="PASS">
          <reporter-output>
          </reporter-output>
        </test-method> <!-- DesktopScript -->
        <test-method is-config="true" signature="tearDown(java.lang.String, java.lang.String, java.lang.String)[pri:0, instance:magicleapTesting.magicLeap@3d3fcdb0]" started-at="2020-08-30T11:04:46Z" name="tearDown" finished-at="2020-08-30T11:04:46Z" duration-ms="0" status="PASS">
          <params>
            <param index="0">
              <value>
                <![CDATA[IE]]>
              </value>
            </param>
            <param index="1">
              <value>
                <![CDATA[11.0]]>
              </value>
            </param>
            <param index="2">
              <value>
                <![CDATA[win10]]>
              </value>
            </param>
          </params>
          <reporter-output>
          </reporter-output>
        </test-method> <!-- tearDown -->
      </class> <!-- magicleapTesting.magicLeap -->
    </test> <!-- 5 -->
    <test started-at="2020-08-30T11:04:01Z" name="29" finished-at="2020-08-30T11:04:46Z" duration-ms="44131">
      <class name="magicleapTesting.magicLeap">
        <test-method is-config="true" signature="setUp()[pri:0, instance:magicleapTesting.magicLeap@534df152]" started-at="2020-08-30T11:04:01Z" name="setUp" finished-at="2020-08-30T11:04:26Z" duration-ms="24128" status="PASS">
          <reporter-output>
          </reporter-output>
        </test-method> <!-- setUp -->
        <test-method signature="DesktopScript()[pri:0, instance:magicleapTesting.magicLeap@534df152]" started-at="2020-08-30T11:04:26Z" name="DesktopScript" finished-at="2020-08-30T11:04:46Z" duration-ms="20003" status="PASS">
          <reporter-output>
          </reporter-output>
        </test-method> <!-- DesktopScript -->
        <test-method is-config="true" signature="tearDown(java.lang.String, java.lang.String, java.lang.String)[pri:0, instance:magicleapTesting.magicLeap@534df152]" started-at="2020-08-30T11:04:46Z" name="tearDown" finished-at="2020-08-30T11:04:46Z" duration-ms="0" status="PASS">
          <params>
            <param index="0">
              <value>
                <![CDATA[Chrome]]>
              </value>
            </param>
            <param index="1">
              <value>
                <![CDATA[81.0]]>
              </value>
            </param>
            <param index="2">
              <value>
                <![CDATA[Win10]]>
              </value>
            </param>
          </params>
          <reporter-output>
          </reporter-output>
        </test-method> <!-- tearDown -->
      </class> <!-- magicleapTesting.magicLeap -->
    </test> <!-- 29 -->
    <test started-at="2020-08-30T11:04:01Z" name="3" finished-at="2020-08-30T11:04:46Z" duration-ms="44151">
      <class name="magicleapTesting.magicLeap">
        <test-method is-config="true" signature="setUp()[pri:0, instance:magicleapTesting.magicLeap@12405818]" started-at="2020-08-30T11:04:01Z" name="setUp" finished-at="2020-08-30T11:04:26Z" duration-ms="24141" status="PASS">
          <reporter-output>
          </reporter-output>
        </test-method> <!-- setUp -->
        <test-method signature="DesktopScript()[pri:0, instance:magicleapTesting.magicLeap@12405818]" started-at="2020-08-30T11:04:26Z" name="DesktopScript" finished-at="2020-08-30T11:04:46Z" duration-ms="20003" status="PASS">
          <reporter-output>
          </reporter-output>
        </test-method> <!-- DesktopScript -->
        <test-method is-config="true" signature="tearDown(java.lang.String, java.lang.String, java.lang.String)[pri:0, instance:magicleapTesting.magicLeap@12405818]" started-at="2020-08-30T11:04:46Z" name="tearDown" finished-at="2020-08-30T11:04:46Z" duration-ms="0" status="PASS">
          <params>
            <param index="0">
              <value>
                <![CDATA[Internet Explorer]]>
              </value>
            </param>
            <param index="1">
              <value>
                <![CDATA[11.0]]>
              </value>
            </param>
            <param index="2">
              <value>
                <![CDATA[Win10]]>
              </value>
            </param>
          </params>
          <reporter-output>
          </reporter-output>
        </test-method> <!-- tearDown -->
      </class> <!-- magicleapTesting.magicLeap -->
    </test> <!-- 3 -->
  </suite> <!-- DesktopBrowsers -->
</testng-results>
