<?xml version="1.0" encoding="UTF-8"?>
<testsuite xmlns:xsi="http://www.w3.org/2001/XMLSchema-instance" xsi:schemaLocation="https://maven.apache.org/surefire/maven-surefire-plugin/xsd/surefire-test-report.xsd" name="TestSuite" time="44.684" tests="49" errors="0" skipped="0" failures="0">
  <properties>
[...]
</properties>
  <testcase name="DesktopScript" classname="magicleapTesting.magicLeap" time="19.58"/>
  <testcase name="DesktopScript" classname="magicleapTesting.magicLeap" time="19.581"/>
  <testcase name="DesktopScript" classname="magicleapTesting.magicLeap" time="19.584"/>
  <testcase name="DesktopScript" classname="magicleapTesting.magicLeap" time="19.586"/>
  <testcase name="DesktopScript" classname="magicleapTesting.magicLeap" time="19.601"/>
  <testcase name="DesktopScript" classname="magicleapTesting.magicLeap" time="19.653"/>
  <testcase name="DesktopScript" classname="magicleapTesting.magicLeap" time="19.699"/>
  <testcase name="DesktopScript" classname="magicleapTesting.magicLeap" time="19.699"/>
  <testcase name="DesktopScript" classname="magicleapTesting.magicLeap" time="19.699"/>
  <testcase name="DesktopScript" classname="magicleapTesting.magicLeap" time="19.703"/>
  <testcase name="DesktopScript" classname="magicleapTesting.magicLeap" time="19.712"/>
  <testcase name="DesktopScript" classname="magicleapTesting.magicLeap" time="19.728"/>
  <testcase name="DesktopScript" classname="magicleapTesting.magicLeap" time="19.732"/>
  <testcase name="DesktopScript" classname="magicleapTesting.magicLeap" time="19.733"/>
  <testcase name="DesktopScript" classname="magicleapTesting.magicLeap" time="19.735"/>
  <testcase name="DesktopScript" classname="magicleapTesting.magicLeap" time="19.735"/>
  <testcase name="DesktopScript" classname="magicleapTesting.magicLeap" time="19.74"/>
  <testcase name="DesktopScript" classname="magicleapTesting.magicLeap" time="19.747"/>
  <testcase name="DesktopScript" classname="magicleapTesting.magicLeap" time="19.748"/>
  <testcase name="DesktopScript" classname="magicleapTesting.magicLeap" time="19.762"/>
  <testcase name="DesktopScript" classname="magicleapTesting.magicLeap" time="19.762"/>
  <testcase name="DesktopScript" classname="magicleapTesting.magicLeap" time="19.764"/>
  <testcase name="DesktopScript" classname="magicleapTesting.magicLeap" time="19.784"/>
  <testcase name="DesktopScript" classname="magicleapTesting.magicLeap" time="19.784"/>
  <testcase name="DesktopScript" classname="magicleapTesting.magicLeap" time="19.785"/>
  <testcase name="DesktopScript" classname="magicleapTesting.magicLeap" time="19.785"/>
  <testcase name="DesktopScript" classname="magicleapTesting.magicLeap" time="19.79"/>
  <testcase name="DesktopScript" classname="magicleapTesting.magicLeap" time="19.792"/>
  <testcase name="DesktopScript" classname="magicleapTesting.magicLeap" time="19.797"/>
  <testcase name="DesktopScript" classname="magicleapTesting.magicLeap" time="19.818"/>
  <testcase name="DesktopScript" classname="magicleapTesting.magicLeap" time="19.818"/>
  <testcase name="DesktopScript" classname="magicleapTesting.magicLeap" time="19.818"/>
  <testcase name="DesktopScript" classname="magicleapTesting.magicLeap" time="19.836"/>
  <testcase name="DesktopScript" classname="magicleapTesting.magicLeap" time="19.865"/>
  <testcase name="DesktopScript" classname="magicleapTesting.magicLeap" time="19.867"/>
  <testcase name="DesktopScript" classname="magicleapTesting.magicLeap" time="19.871"/>
  <testcase name="DesktopScript" classname="magicleapTesting.magicLeap" time="19.887"/>
  <testcase name="DesktopScript" classname="magicleapTesting.magicLeap" time="19.898"/>
  <testcase name="DesktopScript" classname="magicleapTesting.magicLeap" time="19.898"/>
  <testcase name="DesktopScript" classname="magicleapTesting.magicLeap" time="19.902"/>
  <testcase name="DesktopScript" classname="magicleapTesting.magicLeap" time="19.912"/>
  <testcase name="DesktopScript" classname="magicleapTesting.magicLeap" time="19.919"/>
  <testcase name="DesktopScript" classname="magicleapTesting.magicLeap" time="19.919"/>
  <testcase name="DesktopScript" classname="magicleapTesting.magicLeap" time="19.924"/>
  <testcase name="DesktopScript" classname="magicleapTesting.magicLeap" time="19.925"/>
  <testcase name="DesktopScript" classname="magicleapTesting.magicLeap" time="19.927"/>
  <testcase name="DesktopScript" classname="magicleapTesting.magicLeap" time="19.93"/>
  <testcase name="DesktopScript" classname="magicleapTesting.magicLeap" time="19.93"/>
  <testcase name="DesktopScript" classname="magicleapTesting.magicLeap" time="19.932"/>
</testsuite>