<?xml version="1.0" encoding="UTF-8"?>
<testsuite xmlns:xsi="http://www.w3.org/2001/XMLSchema-instance" xsi:noNamespaceSchemaLocation="https://maven.apache.org/surefire/maven-surefire-plugin/xsd/surefire-test-report-3.0.xsd" version="3.0" name="TestSuite" time="481.353" tests="25" errors="0" skipped="0" failures="0">
  <properties>
[...]
</properties>
  <testcase name="DesktopScript" classname="magicLeap" time="0"/>
  <testcase name="DesktopScript" classname="magicLeap" time="147.44"/>
  <testcase name="DesktopScript" classname="magicLeap" time="147.465"/>
  <testcase name="DesktopScript" classname="magicLeap" time="159.573"/>
  <testcase name="DesktopScript" classname="magicLeap" time="172.508"/>
  <testcase name="DesktopScript" classname="magicLeap" time="174.473"/>
  <testcase name="DesktopScript" classname="magicLeap" time="175.055"/>
  <testcase name="DesktopScript" classname="magicLeap" time="177.423"/>
  <testcase name="DesktopScript" classname="magicLeap" time="178.213"/>
  <testcase name="DesktopScript" classname="magicLeap" time="178.518"/>
  <testcase name="DesktopScript" classname="magicLeap" time="181.258"/>
  <testcase name="DesktopScript" classname="magicLeap" time="183.62"/>
  <testcase name="DesktopScript" classname="magicLeap" time="187.451"/>
  <testcase name="DesktopScript" classname="magicLeap" time="191.568"/>
  <testcase name="DesktopScript" classname="magicLeap" time="195.216"/>
  <testcase name="DesktopScript" classname="magicLeap" time="215.148"/>
  <testcase name="DesktopScript" classname="magicLeap" time="215.688"/>
  <testcase name="DesktopScript" classname="magicLeap" time="216.721"/>
  <testcase name="DesktopScript" classname="magicLeap" time="216.868"/>
  <testcase name="DesktopScript" classname="magicLeap" time="217.066"/>
  <testcase name="DesktopScript" classname="magicLeap" time="218.984"/>
  <testcase name="DesktopScript" classname="magicLeap" time="220.981"/>
  <testcase name="DesktopScript" classname="magicLeap" time="236.244"/>
  <testcase name="DesktopScript" classname="magicLeap" time="250.977"/>
  <testcase name="DesktopScript" classname="magicLeap" time="448.822"/>
</testsuite>