<?xml version="1.0" encoding="UTF-8"?>
<!-- Generated by org.testng.reporters.JUnitXMLReporter -->
<testsuite ignored="0" hostname="Admin-PC" failures="3" tests="5" name="6" time="352.273" errors="0" timestamp="02 Jan 2020 15:40:00 GMT">
  <testcase classname="magicLeap" name="DesktopScript" time="44.715"/>
  <testcase classname="magicLeap" name="tunnelTest" time="49.968">
    <failure type="java.lang.NullPointerException">
      <![CDATA[java.lang.NullPointerException
at drivers.TakeSCreenshot(drivers.java:84)
at magicLeap.tunnelTest(magicLeap.java:174)
at java.base/java.util.concurrent.FutureTask.run(FutureTask.java:264)
at java.base/java.util.concurrent.ThreadPoolExecutor.runWorker(ThreadPoolExecutor.java:1128)
at java.base/java.util.concurrent.ThreadPoolExecutor$Worker.run(ThreadPoolExecutor.java:628)
at java.base/java.lang.Thread.run(Thread.java:834)
... Removed 15 stack frames]]>
    </failure>
  </testcase> <!-- tunnelTest -->
  <testcase classname="magicLeap" name="Resolution" time="59.39"/>
  <testcase classname="magicLeap" name="Geolocation" time="92.11">
    <failure type="java.lang.NullPointerException">
      <![CDATA[java.lang.NullPointerException
at drivers.TakeSCreenshot(drivers.java:84)
at magicLeap.Geolocation(magicLeap.java:227)
at java.base/java.util.concurrent.FutureTask.run(FutureTask.java:264)
at java.base/java.util.concurrent.ThreadPoolExecutor.runWorker(ThreadPoolExecutor.java:1128)
at java.base/java.util.concurrent.ThreadPoolExecutor$Worker.run(ThreadPoolExecutor.java:628)
at java.base/java.lang.Thread.run(Thread.java:834)
... Removed 16 stack frames]]>
    </failure>
  </testcase> <!-- Geolocation -->
  <testcase classname="magicLeap" name="NetSpeed" time="84.174">
    <failure type="java.lang.NullPointerException">
      <![CDATA[java.lang.NullPointerException
at drivers.TakeSCreenshot(drivers.java:84)
at magicLeap.NetSpeed(magicLeap.java:246)
at java.base/java.util.concurrent.FutureTask.run(FutureTask.java:264)
at java.base/java.util.concurrent.ThreadPoolExecutor.runWorker(ThreadPoolExecutor.java:1128)
at java.base/java.util.concurrent.ThreadPoolExecutor$Worker.run(ThreadPoolExecutor.java:628)
at java.base/java.lang.Thread.run(Thread.java:834)
... Removed 16 stack frames]]>
    </failure>
  </testcase> <!-- NetSpeed -->
</testsuite> <!-- 6 -->
